
Wed Mar 06 2024 11:56:09:281 GMT+0100 (CET) -- Binary semantic version is v8.9.2
Wed Mar 06 2024 11:56:09:282 GMT+0100 (CET) -- Setting output as extra verbose with request parsing
Wed Mar 06 2024 11:56:09:624 GMT+0100 (CET) -- [WARNING] Skipping initialisation of configuration console because: port already in use by another Binary
Wed Mar 06 2024 11:56:10:568 GMT+0100 (CET) -- [SUCCESS] You can now access your local server(s) in our remote browser

Wed Mar 06 2024 11:56:10:603 GMT+0100 (CET) -- Connecting to BrowserStack using WebSocket protocol...
Wed Mar 06 2024 11:56:10:603 GMT+0100 (CET) -- Platform supports WebSocket connections.

Wed Mar 06 2024 11:56:10:707 GMT+0100 (CET) -- Press Ctrl-C to exit



Wed Mar 06 2024 12:08:47:317 GMT+0100 (CET) -- Binary semantic version is v8.9.2
Wed Mar 06 2024 12:08:47:318 GMT+0100 (CET) -- Setting output as extra verbose with request parsing
Wed Mar 06 2024 12:08:47:679 GMT+0100 (CET) -- [WARNING] Skipping initialisation of configuration console because: port already in use by another Binary
Wed Mar 06 2024 12:08:49:499 GMT+0100 (CET) -- [SUCCESS] You can now access your local server(s) in our remote browser

Wed Mar 06 2024 12:08:49:893 GMT+0100 (CET) -- Connecting to BrowserStack using WebSocket protocol...
Wed Mar 06 2024 12:08:49:894 GMT+0100 (CET) -- Platform supports WebSocket connections.

Wed Mar 06 2024 12:08:50:2 GMT+0100 (CET) -- Press Ctrl-C to exit



Wed Mar 06 2024 12:10:50:386 GMT+0100 (CET) -- Binary semantic version is v8.9.2
Wed Mar 06 2024 12:10:50:387 GMT+0100 (CET) -- Setting output as extra verbose with request parsing
Wed Mar 06 2024 12:10:50:724 GMT+0100 (CET) -- [WARNING] Skipping initialisation of configuration console because: port already in use by another Binary
Wed Mar 06 2024 12:10:51:834 GMT+0100 (CET) -- [SUCCESS] You can now access your local server(s) in our remote browser

Wed Mar 06 2024 12:10:51:883 GMT+0100 (CET) -- Connecting to BrowserStack using WebSocket protocol...
Wed Mar 06 2024 12:10:51:883 GMT+0100 (CET) -- Platform supports WebSocket connections.

Wed Mar 06 2024 12:10:51:988 GMT+0100 (CET) -- Press Ctrl-C to exit


